C51 COMPILER V9.52.0.0   DELAY                                                             07/13/2016 16:31:25 PAGE 1   


C51 COMPILER V9.52.0.0, COMPILATION OF MODULE DELAY
OBJECT MODULE PLACED IN Delay.obj
COMPILER INVOKED BY: C:\Keil\C51\BIN\C51.EXE lib\Delay.c LARGE BROWSE INCDIR(.\lib) DEBUG OBJECTEXTEND PRINT(.\Delay.lst
                    -) TABS(2) OBJECT(Delay.obj)

line level    source

   1          #include"Delay.h"
   2          
   3          
   4          /*---------------------------------------------------------------------
   5           功能描述: 微秒延时
   6           参数说明: 无
   7           函数返回: 无
   8           ---------------------------------------------------------------------*/
   9          vid delay_us(vid)
  10          { 
  11   1        _nop_();
  12   1        _nop_(); 
  13   1        _nop_(); 
  14   1        _nop_(); 
  15   1      }
  16          
  17          
  18          /*---------------------------------------------------------------------
  19           功能描述: 毫秒延时
  20           参数说明: 无
  21           函数返回: 无
  22           ---------------------------------------------------------------------*/
  23          vid delay_ms(uint16 time)
  24          {
  25   1        uint16 i;
  26   1        while(time--)
  27   1        {
  28   2          for(i=900;i>0;i--)
  29   2          {
  30   3            delay_us();
  31   3          }
  32   2        }
  33   1      }


MODULE INFORMATION:   STATIC OVERLAYABLE
   CODE SIZE        =     39    ----
   CONSTANT SIZE    =   ----    ----
   XDATA SIZE       =   ----    ----
   PDATA SIZE       =   ----    ----
   DATA SIZE        =   ----    ----
   IDATA SIZE       =   ----    ----
   BIT SIZE         =   ----    ----
END OF MODULE INFORMATION.


C51 COMPILATION COMPLETE.  0 WARNING(S),  0 ERROR(S)
