C51 COMPILER V9.52.0.0   MAIN                                                              07/13/2016 16:31:25 PAGE 1   


C51 COMPILER V9.52.0.0, COMPILATION OF MODULE MAIN
OBJECT MODULE PLACED IN main.OBJ
COMPILER INVOKED BY: C:\Keil\C51\BIN\C51.EXE main.c LARGE BROWSE INCDIR(.\lib) DEBUG OBJECTEXTEND TABS(2)

line level    source

   1          #include <reg52.h>
   2          #include <intrins.h>
   3          #include "B_LUX_V32.h"
   4          #include "Delay.h"
   5          #include "SERIAL485.h"
   6          
   7          uint32  m_Lux = 0;
   8          uint8   m_LuxBuf[6];
   9          int main(void)
  10          {     
  11   1            uint32 val32 = 0;
  12   1               
  13   1            B_LUX_Init();
  14   1            
  15   1            while(1)
  16   1            {
  17   2               //光照
  18   2              B_LUX_GetLux(&m_Lux);
  19   2              
  20   2              //m_Lux = 276987;
  21   2              
  22   2              m_LuxBuf[0] = ( (m_Lux/100000) + 0x30 );      //10万
  23   2              val32 = m_Lux%100000;
  24   2              
  25   2              m_LuxBuf[1] = ( (val32/10000) + 0x30 );           //1万
  26   2              val32 = val32%10000;
  27   2              
  28   2              m_LuxBuf[2] = ( (val32/1000) + 0x30 );            //千
  29   2              val32 = val32%1000;
  30   2              
  31   2              m_LuxBuf[3] = ( (val32/100) + 0x30 );             //百
  32   2              val32 = val32%100;
  33   2              
  34   2              m_LuxBuf[4] = ( (val32/10) + 0x30 );                //十
  35   2              val32 = val32%10;
  36   2              
  37   2              m_LuxBuf[5] = ( val32 + 0x30 );                     //个
  38   2          
  39   2              serial_send("LUX=",  4);
  40   2              serial_send(m_LuxBuf, 6);
  41   2              serial_send("\n",  1);
  42   2              
  43   2              delay_ms(1000);
  44   2            }
  45   1              
  46   1      }
  47          
  48          
  49          


MODULE INFORMATION:   STATIC OVERLAYABLE
   CODE SIZE        =    502    ----
   CONSTANT SIZE    =      7    ----
   XDATA SIZE       =     10       4
C51 COMPILER V9.52.0.0   MAIN                                                              07/13/2016 16:31:25 PAGE 2   

   PDATA SIZE       =   ----    ----
   DATA SIZE        =   ----    ----
   IDATA SIZE       =   ----    ----
   BIT SIZE         =   ----    ----
END OF MODULE INFORMATION.


C51 COMPILATION COMPLETE.  0 WARNING(S),  0 ERROR(S)
