C51 COMPILER V9.59.0.0   MIAN                                                              12/29/2019 10:01:27 PAGE 1   


C51 COMPILER V9.59.0.0, COMPILATION OF MODULE MIAN
OBJECT MODULE PLACED IN mian.OBJ
COMPILER INVOKED BY: D:\Keil_v5\C51\BIN\C51.EXE mian.c LARGE OPTIMIZE(8,SPEED) BROWSE INCDIR(.\IIC_OLED) DEBUG OBJECTEXT
                    -END TABS(2)

line level    source

   1          #include <reg51.H>
   2          #include <intrins.h>
   3          #include "oled.h"
   4          #include "UART2.h"
   5          #include "AS608.h"
   6          #include "KEY.h"
   7          
   8          void main(void)
   9          {  
  10   1        
  11   1        OLED_Init();
  12   1        OLED_Clear();
  13   1        OLED_ShowCH(0,0,"指纹模块测试程序");
  14   1        OLED_ShowCH(16,2,"K1键添加指纹");
  15   1        OLED_ShowCH(16,4,"K3键删除指纹");
  16   1        OLED_ShowCH(16,6,"K5键验证指纹");
  17   1        UART2_Init();
  18   1        Timer1_Init();
  19   1        while(1)
  20   1        {
  21   2          key_num=KEY_Scan(0);
  22   2          if(key_num==1)
  23   2          {
  24   3            key_num=0;
  25   3            OLED_Clear();
  26   3            Add_FR();
  27   3          }
  28   2          if(key_num==3)
  29   2          {
  30   3            key_num=0;
  31   3            OLED_Clear();
  32   3            Del_FR();
  33   3          }
  34   2          if(key_num==5)
  35   2          {
  36   3            key_num=0;
  37   3            OLED_Clear();
  38   3            OLED_ShowCH(32,2,"请按手指");
  39   3            press_FR(); 
  40   3          }     
  41   2      
  42   2        }
  43   1      }
  44          
  45          


MODULE INFORMATION:   STATIC OVERLAYABLE
   CODE SIZE        =   3265    ----
   CONSTANT SIZE    =    807    ----
   XDATA SIZE       =    127      68
   PDATA SIZE       =   ----    ----
   DATA SIZE        =   ----    ----
   IDATA SIZE       =   ----    ----
C51 COMPILER V9.59.0.0   MIAN                                                              12/29/2019 10:01:27 PAGE 2   

   BIT SIZE         =   ----    ----
END OF MODULE INFORMATION.


C51 COMPILATION COMPLETE.  0 WARNING(S),  0 ERROR(S)
